time="2023-12-06T19:19:16.234793221-05:00" level=info msg="Starting up"
time="2023-12-06T19:19:16.235392801-05:00" level=info msg="containerd not running, starting managed containerd"
time="2023-12-06T19:19:16.236006216-05:00" level=info msg="started new containerd process" address=/var/run/docker/containerd/containerd.sock module=libcontainerd pid=6136
time="2023-12-06T19:19:16.248112379-05:00" level=info msg="starting containerd" revision=61f9fd88f79f081d64d6fa3bb1a0dc71ec870523 version=1.6.24
time="2023-12-06T19:19:16.253867452-05:00" level=info msg="loading plugin \"io.containerd.content.v1.content\"..." type=io.containerd.content.v1
time="2023-12-06T19:19:16.254222626-05:00" level=info msg="loading plugin \"io.containerd.snapshotter.v1.aufs\"..." type=io.containerd.snapshotter.v1
time="2023-12-06T19:19:16.255386549-05:00" level=info msg="skip loading plugin \"io.containerd.snapshotter.v1.aufs\"..." error="aufs is not supported (modprobe aufs failed: exit status 1 \"modprobe: FATAL: Module aufs not found in directory /lib/modules/5.15.133.1-microsoft-standard-WSL2\\n\"): skip plugin" type=io.containerd.snapshotter.v1
time="2023-12-06T19:19:16.255697692-05:00" level=info msg="loading plugin \"io.containerd.snapshotter.v1.btrfs\"..." type=io.containerd.snapshotter.v1
time="2023-12-06T19:19:16.256060923-05:00" level=info msg="skip loading plugin \"io.containerd.snapshotter.v1.btrfs\"..." error="path /var/lib/docker/containerd/daemon/io.containerd.snapshotter.v1.btrfs (ext4) must be a btrfs filesystem to be used with the btrfs snapshotter: skip plugin" type=io.containerd.snapshotter.v1
time="2023-12-06T19:19:16.256299093-05:00" level=info msg="loading plugin \"io.containerd.snapshotter.v1.devmapper\"..." type=io.containerd.snapshotter.v1
time="2023-12-06T19:19:16.256543926-05:00" level=warning msg="failed to load plugin io.containerd.snapshotter.v1.devmapper" error="devmapper not configured"
time="2023-12-06T19:19:16.256778971-05:00" level=info msg="loading plugin \"io.containerd.snapshotter.v1.native\"..." type=io.containerd.snapshotter.v1
time="2023-12-06T19:19:16.257051277-05:00" level=info msg="loading plugin \"io.containerd.snapshotter.v1.overlayfs\"..." type=io.containerd.snapshotter.v1
time="2023-12-06T19:19:16.257302515-05:00" level=info msg="loading plugin \"io.containerd.snapshotter.v1.zfs\"..." type=io.containerd.snapshotter.v1
time="2023-12-06T19:19:16.257493538-05:00" level=info msg="skip loading plugin \"io.containerd.snapshotter.v1.zfs\"..." error="path /var/lib/docker/containerd/daemon/io.containerd.snapshotter.v1.zfs must be a zfs filesystem to be used with the zfs snapshotter: skip plugin" type=io.containerd.snapshotter.v1
time="2023-12-06T19:19:16.257665288-05:00" level=info msg="loading plugin \"io.containerd.metadata.v1.bolt\"..." type=io.containerd.metadata.v1
time="2023-12-06T19:19:16.257820046-05:00" level=warning msg="could not use snapshotter devmapper in metadata plugin" error="devmapper not configured"
time="2023-12-06T19:19:16.257980763-05:00" level=info msg="metadata content store policy set" policy=shared
time="2023-12-06T19:19:16.258197182-05:00" level=info msg="loading plugin \"io.containerd.differ.v1.walking\"..." type=io.containerd.differ.v1
time="2023-12-06T19:19:16.258362043-05:00" level=info msg="loading plugin \"io.containerd.event.v1.exchange\"..." type=io.containerd.event.v1
time="2023-12-06T19:19:16.258514389-05:00" level=info msg="loading plugin \"io.containerd.gc.v1.scheduler\"..." type=io.containerd.gc.v1
time="2023-12-06T19:19:16.258686326-05:00" level=info msg="loading plugin \"io.containerd.service.v1.introspection-service\"..." type=io.containerd.service.v1
time="2023-12-06T19:19:16.258837412-05:00" level=info msg="loading plugin \"io.containerd.service.v1.containers-service\"..." type=io.containerd.service.v1
time="2023-12-06T19:19:16.258997746-05:00" level=info msg="loading plugin \"io.containerd.service.v1.content-service\"..." type=io.containerd.service.v1
time="2023-12-06T19:19:16.259152135-05:00" level=info msg="loading plugin \"io.containerd.service.v1.diff-service\"..." type=io.containerd.service.v1
time="2023-12-06T19:19:16.259367395-05:00" level=info msg="loading plugin \"io.containerd.service.v1.images-service\"..." type=io.containerd.service.v1
time="2023-12-06T19:19:16.259540767-05:00" level=info msg="loading plugin \"io.containerd.service.v1.leases-service\"..." type=io.containerd.service.v1
time="2023-12-06T19:19:16.259708746-05:00" level=info msg="loading plugin \"io.containerd.service.v1.namespaces-service\"..." type=io.containerd.service.v1
time="2023-12-06T19:19:16.259862530-05:00" level=info msg="loading plugin \"io.containerd.service.v1.snapshots-service\"..." type=io.containerd.service.v1
time="2023-12-06T19:19:16.260023020-05:00" level=info msg="loading plugin \"io.containerd.runtime.v1.linux\"..." type=io.containerd.runtime.v1
time="2023-12-06T19:19:16.260189395-05:00" level=info msg="loading plugin \"io.containerd.runtime.v2.task\"..." type=io.containerd.runtime.v2
time="2023-12-06T19:19:16.260365230-05:00" level=info msg="loading plugin \"io.containerd.monitor.v1.cgroups\"..." type=io.containerd.monitor.v1
time="2023-12-06T19:19:16.260671445-05:00" level=info msg="loading plugin \"io.containerd.service.v1.tasks-service\"..." type=io.containerd.service.v1
time="2023-12-06T19:19:16.260842908-05:00" level=info msg="loading plugin \"io.containerd.grpc.v1.introspection\"..." type=io.containerd.grpc.v1
time="2023-12-06T19:19:16.260997938-05:00" level=info msg="loading plugin \"io.containerd.internal.v1.restart\"..." type=io.containerd.internal.v1
time="2023-12-06T19:19:16.261183803-05:00" level=info msg="loading plugin \"io.containerd.grpc.v1.containers\"..." type=io.containerd.grpc.v1
time="2023-12-06T19:19:16.261343020-05:00" level=info msg="loading plugin \"io.containerd.grpc.v1.content\"..." type=io.containerd.grpc.v1
time="2023-12-06T19:19:16.261629794-05:00" level=info msg="loading plugin \"io.containerd.grpc.v1.diff\"..." type=io.containerd.grpc.v1
time="2023-12-06T19:19:16.261951365-05:00" level=info msg="loading plugin \"io.containerd.grpc.v1.events\"..." type=io.containerd.grpc.v1
time="2023-12-06T19:19:16.262301449-05:00" level=info msg="loading plugin \"io.containerd.grpc.v1.healthcheck\"..." type=io.containerd.grpc.v1
time="2023-12-06T19:19:16.262544088-05:00" level=info msg="loading plugin \"io.containerd.grpc.v1.images\"..." type=io.containerd.grpc.v1
time="2023-12-06T19:19:16.262727331-05:00" level=info msg="loading plugin \"io.containerd.grpc.v1.leases\"..." type=io.containerd.grpc.v1
time="2023-12-06T19:19:16.262888750-05:00" level=info msg="loading plugin \"io.containerd.grpc.v1.namespaces\"..." type=io.containerd.grpc.v1
time="2023-12-06T19:19:16.263058888-05:00" level=info msg="loading plugin \"io.containerd.internal.v1.opt\"..." type=io.containerd.internal.v1
time="2023-12-06T19:19:16.263336723-05:00" level=info msg="loading plugin \"io.containerd.grpc.v1.snapshots\"..." type=io.containerd.grpc.v1
time="2023-12-06T19:19:16.263663384-05:00" level=info msg="loading plugin \"io.containerd.grpc.v1.tasks\"..." type=io.containerd.grpc.v1
time="2023-12-06T19:19:16.263891125-05:00" level=info msg="loading plugin \"io.containerd.grpc.v1.version\"..." type=io.containerd.grpc.v1
time="2023-12-06T19:19:16.264015204-05:00" level=info msg="loading plugin \"io.containerd.tracing.processor.v1.otlp\"..." type=io.containerd.tracing.processor.v1
time="2023-12-06T19:19:16.264295823-05:00" level=info msg="skip loading plugin \"io.containerd.tracing.processor.v1.otlp\"..." error="no OpenTelemetry endpoint: skip plugin" type=io.containerd.tracing.processor.v1
time="2023-12-06T19:19:16.264463469-05:00" level=info msg="loading plugin \"io.containerd.internal.v1.tracing\"..." type=io.containerd.internal.v1
time="2023-12-06T19:19:16.264704662-05:00" level=error msg="failed to initialize a tracing processor \"otlp\"" error="no OpenTelemetry endpoint: skip plugin"
time="2023-12-06T19:19:16.265005682-05:00" level=info msg=serving... address=/var/run/docker/containerd/containerd-debug.sock
time="2023-12-06T19:19:16.265233230-05:00" level=info msg=serving... address=/var/run/docker/containerd/containerd.sock.ttrpc
time="2023-12-06T19:19:16.265441781-05:00" level=info msg=serving... address=/var/run/docker/containerd/containerd.sock
time="2023-12-06T19:19:16.265620872-05:00" level=info msg="containerd successfully booted in 0.018148s"
time="2023-12-06T19:19:16.283623124-05:00" level=info msg="[graphdriver] using prior storage driver: overlay2"
time="2023-12-06T19:19:16.284123336-05:00" level=info msg="Loading containers: start."
time="2023-12-06T19:19:17.077912051-05:00" level=info msg="Default bridge (docker0) is assigned with an IP address 172.17.0.0/16. Daemon option --bip can be used to set a preferred IP address"
time="2023-12-06T19:19:17.230107216-05:00" level=info msg="Loading containers: done."
time="2023-12-06T19:19:17.243078187-05:00" level=warning msg="WARNING: No blkio throttle.read_bps_device support"
time="2023-12-06T19:19:17.243522410-05:00" level=warning msg="WARNING: No blkio throttle.write_bps_device support"
time="2023-12-06T19:19:17.243837285-05:00" level=warning msg="WARNING: No blkio throttle.read_iops_device support"
time="2023-12-06T19:19:17.244152406-05:00" level=warning msg="WARNING: No blkio throttle.write_iops_device support"
time="2023-12-06T19:19:17.244422994-05:00" level=info msg="Docker daemon" commit=311b9ff graphdriver=overlay2 version=24.0.7
time="2023-12-06T19:19:17.244752608-05:00" level=info msg="Daemon has completed initialization"
time="2023-12-06T19:19:17.256270051-05:00" level=info msg="API listen on /var/run/docker.sock"
2023/12/06 19:19:25 http2: server: error reading preface from client @: read unix /var/run/docker.sock->@: read: connection reset by peer
time="2023-12-06T19:20:02.855479997-05:00" level=warning msg="no trace recorder found, skipping"
2023/12/06 19:20:29 http2: server: error reading preface from client @: read unix /var/run/docker.sock->@: read: connection reset by peer
